  caddlrarncpp.cpp
c:\program files (x86)\windows kits\10\include\10.0.16299.0\um\minwinbase.h(47): error C3646: “nLength”: 未知重写说明符
c:\program files (x86)\windows kits\10\include\10.0.16299.0\um\minwinbase.h(47): error C4430: 缺少类型说明符 - 假定为 int。注意: C++ 不支持默认 int
c:\program files (x86)\windows kits\10\include\10.0.16299.0\um\minwinbase.h(48): error C3646: “lpSecurityDescriptor”: 未知重写说明符
c:\program files (x86)\windows kits\10\include\10.0.16299.0\um\minwinbase.h(48): error C4430: 缺少类型说明符 - 假定为 int。注意: C++ 不支持默认 int
c:\program files (x86)\windows kits\10\include\10.0.16299.0\um\minwinbase.h(49): error C3646: “bInheritHandle”: 未知重写说明符
c:\program files (x86)\windows kits\10\include\10.0.16299.0\um\minwinbase.h(49): error C4430: 缺少类型说明符 - 假定为 int。注意: C++ 不支持默认 int
c:\program files (x86)\windows kits\10\include\10.0.16299.0\um\minwinbase.h(53): error C3646: “Internal”: 未知重写说明符
c:\program files (x86)\windows kits\10\include\10.0.16299.0\um\minwinbase.h(53): error C4430: 缺少类型说明符 - 假定为 int。注意: C++ 不支持默认 int
c:\program files (x86)\windows kits\10\include\10.0.16299.0\um\minwinbase.h(54): error C3646: “InternalHigh”: 未知重写说明符
c:\program files (x86)\windows kits\10\include\10.0.16299.0\um\minwinbase.h(54): error C4430: 缺少类型说明符 - 假定为 int。注意: C++ 不支持默认 int
c:\program files (x86)\windows kits\10\include\10.0.16299.0\um\minwinbase.h(57): error C3646: “Offset”: 未知重写说明符
c:\program files (x86)\windows kits\10\include\10.0.16299.0\um\minwinbase.h(57): error C4430: 缺少类型说明符 - 假定为 int。注意: C++ 不支持默认 int
c:\program files (x86)\windows kits\10\include\10.0.16299.0\um\minwinbase.h(58): error C3646: “OffsetHigh”: 未知重写说明符
c:\program files (x86)\windows kits\10\include\10.0.16299.0\um\minwinbase.h(58): error C4430: 缺少类型说明符 - 假定为 int。注意: C++ 不支持默认 int
c:\program files (x86)\windows kits\10\include\10.0.16299.0\um\minwinbase.h(60): error C3646: “Pointer”: 未知重写说明符
c:\program files (x86)\windows kits\10\include\10.0.16299.0\um\minwinbase.h(60): error C4430: 缺少类型说明符 - 假定为 int。注意: C++ 不支持默认 int
c:\program files (x86)\windows kits\10\include\10.0.16299.0\um\minwinbase.h(63): error C3646: “hEvent”: 未知重写说明符
c:\program files (x86)\windows kits\10\include\10.0.16299.0\um\minwinbase.h(63): error C4430: 缺少类型说明符 - 假定为 int。注意: C++ 不支持默认 int
c:\program files (x86)\windows kits\10\include\10.0.16299.0\um\minwinbase.h(67): error C3646: “lpCompletionKey”: 未知重写说明符
c:\program files (x86)\windows kits\10\include\10.0.16299.0\um\minwinbase.h(67): error C4430: 缺少类型说明符 - 假定为 int。注意: C++ 不支持默认 int
c:\program files (x86)\windows kits\10\include\10.0.16299.0\um\minwinbase.h(69): error C3646: “Internal”: 未知重写说明符
c:\program files (x86)\windows kits\10\include\10.0.16299.0\um\minwinbase.h(69): error C4430: 缺少类型说明符 - 假定为 int。注意: C++ 不支持默认 int
c:\program files (x86)\windows kits\10\include\10.0.16299.0\um\minwinbase.h(70): error C3646: “dwNumberOfBytesTransferred”: 未知重写说明符
c:\program files (x86)\windows kits\10\include\10.0.16299.0\um\minwinbase.h(70): error C4430: 缺少类型说明符 - 假定为 int。注意: C++ 不支持默认 int
c:\program files (x86)\windows kits\10\include\10.0.16299.0\um\minwinbase.h(81): error C3646: “dwLowDateTime”: 未知重写说明符
c:\program files (x86)\windows kits\10\include\10.0.16299.0\um\minwinbase.h(81): error C4430: 缺少类型说明符 - 假定为 int。注意: C++ 不支持默认 int
c:\program files (x86)\windows kits\10\include\10.0.16299.0\um\minwinbase.h(82): error C3646: “dwHighDateTime”: 未知重写说明符
c:\program files (x86)\windows kits\10\include\10.0.16299.0\um\minwinbase.h(82): error C4430: 缺少类型说明符 - 假定为 int。注意: C++ 不支持默认 int
c:\program files (x86)\windows kits\10\include\10.0.16299.0\um\minwinbase.h(91): error C3646: “wYear”: 未知重写说明符
c:\program files (x86)\windows kits\10\include\10.0.16299.0\um\minwinbase.h(91): error C4430: 缺少类型说明符 - 假定为 int。注意: C++ 不支持默认 int
c:\program files (x86)\windows kits\10\include\10.0.16299.0\um\minwinbase.h(92): error C3646: “wMonth”: 未知重写说明符
c:\program files (x86)\windows kits\10\include\10.0.16299.0\um\minwinbase.h(92): error C4430: 缺少类型说明符 - 假定为 int。注意: C++ 不支持默认 int
c:\program files (x86)\windows kits\10\include\10.0.16299.0\um\minwinbase.h(93): error C3646: “wDayOfWeek”: 未知重写说明符
c:\program files (x86)\windows kits\10\include\10.0.16299.0\um\minwinbase.h(93): error C4430: 缺少类型说明符 - 假定为 int。注意: C++ 不支持默认 int
c:\program files (x86)\windows kits\10\include\10.0.16299.0\um\minwinbase.h(94): error C3646: “wDay”: 未知重写说明符
c:\program files (x86)\windows kits\10\include\10.0.16299.0\um\minwinbase.h(94): error C4430: 缺少类型说明符 - 假定为 int。注意: C++ 不支持默认 int
c:\program files (x86)\windows kits\10\include\10.0.16299.0\um\minwinbase.h(95): error C3646: “wHour”: 未知重写说明符
c:\program files (x86)\windows kits\10\include\10.0.16299.0\um\minwinbase.h(95): error C4430: 缺少类型说明符 - 假定为 int。注意: C++ 不支持默认 int
c:\program files (x86)\windows kits\10\include\10.0.16299.0\um\minwinbase.h(96): error C3646: “wMinute”: 未知重写说明符
c:\program files (x86)\windows kits\10\include\10.0.16299.0\um\minwinbase.h(96): error C4430: 缺少类型说明符 - 假定为 int。注意: C++ 不支持默认 int
c:\program files (x86)\windows kits\10\include\10.0.16299.0\um\minwinbase.h(97): error C3646: “wSecond”: 未知重写说明符
c:\program files (x86)\windows kits\10\include\10.0.16299.0\um\minwinbase.h(97): error C4430: 缺少类型说明符 - 假定为 int。注意: C++ 不支持默认 int
c:\program files (x86)\windows kits\10\include\10.0.16299.0\um\minwinbase.h(98): error C3646: “wMilliseconds”: 未知重写说明符
c:\program files (x86)\windows kits\10\include\10.0.16299.0\um\minwinbase.h(98): error C4430: 缺少类型说明符 - 假定为 int。注意: C++ 不支持默认 int
c:\program files (x86)\windows kits\10\include\10.0.16299.0\um\minwinbase.h(103): error C3646: “dwFileAttributes”: 未知重写说明符
c:\program files (x86)\windows kits\10\include\10.0.16299.0\um\minwinbase.h(103): error C4430: 缺少类型说明符 - 假定为 int。注意: C++ 不支持默认 int
c:\program files (x86)\windows kits\10\include\10.0.16299.0\um\minwinbase.h(107): error C3646: “nFileSizeHigh”: 未知重写说明符
c:\program files (x86)\windows kits\10\include\10.0.16299.0\um\minwinbase.h(107): error C4430: 缺少类型说明符 - 假定为 int。注意: C++ 不支持默认 int
c:\program files (x86)\windows kits\10\include\10.0.16299.0\um\minwinbase.h(108): error C3646: “nFileSizeLow”: 未知重写说明符
c:\program files (x86)\windows kits\10\include\10.0.16299.0\um\minwinbase.h(108): error C4430: 缺少类型说明符 - 假定为 int。注意: C++ 不支持默认 int
c:\program files (x86)\windows kits\10\include\10.0.16299.0\um\minwinbase.h(109): error C3646: “dwReserved0”: 未知重写说明符
c:\program files (x86)\windows kits\10\include\10.0.16299.0\um\minwinbase.h(109): error C4430: 缺少类型说明符 - 假定为 int。注意: C++ 不支持默认 int
c:\program files (x86)\windows kits\10\include\10.0.16299.0\um\minwinbase.h(110): error C3646: “dwReserved1”: 未知重写说明符
c:\program files (x86)\windows kits\10\include\10.0.16299.0\um\minwinbase.h(110): error C4430: 缺少类型说明符 - 假定为 int。注意: C++ 不支持默认 int
c:\program files (x86)\windows kits\10\include\10.0.16299.0\um\minwinbase.h(111): error C3646: “CHAR”: 未知重写说明符
c:\program files (x86)\windows kits\10\include\10.0.16299.0\um\minwinbase.h(111): error C3646: “cFileName”: 未知重写说明符
c:\program files (x86)\windows kits\10\include\10.0.16299.0\um\minwinbase.h(111): error C2143: 语法错误: 缺少“,”(在“[”的前面)
c:\program files (x86)\windows kits\10\include\10.0.16299.0\um\minwinbase.h(111): error C2143: 语法错误: 缺少“)”(在“;”的前面)
c:\program files (x86)\windows kits\10\include\10.0.16299.0\um\minwinbase.h(111): error C2238: 意外的标记位于“;”之前
c:\program files (x86)\windows kits\10\include\10.0.16299.0\um\minwinbase.h(112): error C3646: “CHAR”: 未知重写说明符
c:\program files (x86)\windows kits\10\include\10.0.16299.0\um\minwinbase.h(112): error C3646: “cAlternateFileName”: 未知重写说明符
c:\program files (x86)\windows kits\10\include\10.0.16299.0\um\minwinbase.h(112): error C2143: 语法错误: 缺少“,”(在“[”的前面)
c:\program files (x86)\windows kits\10\include\10.0.16299.0\um\minwinbase.h(112): error C2143: 语法错误: 缺少“)”(在“;”的前面)
c:\program files (x86)\windows kits\10\include\10.0.16299.0\um\minwinbase.h(112): error C2238: 意外的标记位于“;”之前
c:\program files (x86)\windows kits\10\include\10.0.16299.0\um\minwinbase.h(120): error C3646: “dwFileAttributes”: 未知重写说明符
c:\program files (x86)\windows kits\10\include\10.0.16299.0\um\minwinbase.h(120): error C4430: 缺少类型说明符 - 假定为 int。注意: C++ 不支持默认 int
c:\program files (x86)\windows kits\10\include\10.0.16299.0\um\minwinbase.h(124): error C3646: “nFileSizeHigh”: 未知重写说明符
c:\program files (x86)\windows kits\10\include\10.0.16299.0\um\minwinbase.h(124): error C4430: 缺少类型说明符 - 假定为 int。注意: C++ 不支持默认 int
c:\program files (x86)\windows kits\10\include\10.0.16299.0\um\minwinbase.h(125): error C3646: “nFileSizeLow”: 未知重写说明符
c:\program files (x86)\windows kits\10\include\10.0.16299.0\um\minwinbase.h(125): error C4430: 缺少类型说明符 - 假定为 int。注意: C++ 不支持默认 int
c:\program files (x86)\windows kits\10\include\10.0.16299.0\um\minwinbase.h(126): error C3646: “dwReserved0”: 未知重写说明符
c:\program files (x86)\windows kits\10\include\10.0.16299.0\um\minwinbase.h(126): error C4430: 缺少类型说明符 - 假定为 int。注意: C++ 不支持默认 int
c:\program files (x86)\windows kits\10\include\10.0.16299.0\um\minwinbase.h(127): error C3646: “dwReserved1”: 未知重写说明符
c:\program files (x86)\windows kits\10\include\10.0.16299.0\um\minwinbase.h(127): error C4430: 缺少类型说明符 - 假定为 int。注意: C++ 不支持默认 int
c:\program files (x86)\windows kits\10\include\10.0.16299.0\um\minwinbase.h(128): error C3646: “WCHAR”: 未知重写说明符
c:\program files (x86)\windows kits\10\include\10.0.16299.0\um\minwinbase.h(128): error C3646: “cFileName”: 未知重写说明符
c:\program files (x86)\windows kits\10\include\10.0.16299.0\um\minwinbase.h(128): error C2143: 语法错误: 缺少“,”(在“[”的前面)
c:\program files (x86)\windows kits\10\include\10.0.16299.0\um\minwinbase.h(128): error C2143: 语法错误: 缺少“)”(在“;”的前面)
c:\program files (x86)\windows kits\10\include\10.0.16299.0\um\minwinbase.h(128): error C2238: 意外的标记位于“;”之前
c:\program files (x86)\windows kits\10\include\10.0.16299.0\um\minwinbase.h(129): error C3646: “WCHAR”: 未知重写说明符
c:\program files (x86)\windows kits\10\include\10.0.16299.0\um\minwinbase.h(129): error C3646: “cAlternateFileName”: 未知重写说明符
c:\program files (x86)\windows kits\10\include\10.0.16299.0\um\minwinbase.h(129): error C2143: 语法错误: 缺少“,”(在“[”的前面)
c:\program files (x86)\windows kits\10\include\10.0.16299.0\um\minwinbase.h(129): error C2143: 语法错误: 缺少“)”(在“;”的前面)
c:\program files (x86)\windows kits\10\include\10.0.16299.0\um\minwinbase.h(129): error C2238: 意外的标记位于“;”之前
c:\program files (x86)\windows kits\10\include\10.0.16299.0\um\minwinbase.h(212): error C4430: 缺少类型说明符 - 假定为 int。注意: C++ 不支持默认 int
c:\program files (x86)\windows kits\10\include\10.0.16299.0\um\minwinbase.h(212): error C2146: 语法错误: 缺少“;”(在标识符“CRITICAL_SECTION”的前面)
c:\program files (x86)\windows kits\10\include\10.0.16299.0\um\minwinbase.h(213): error C4430: 缺少类型说明符 - 假定为 int。注意: C++ 不支持默认 int
c:\program files (x86)\windows kits\10\include\10.0.16299.0\um\minwinbase.h(213): error C2146: 语法错误: 缺少“;”(在标识符“PCRITICAL_SECTION”的前面)
c:\program files (x86)\windows kits\10\include\10.0.16299.0\um\minwinbase.h(216): error C4430: 缺少类型说明符 - 假定为 int。注意: C++ 不支持默认 int
c:\program files (x86)\windows kits\10\include\10.0.16299.0\um\minwinbase.h(216): error C2146: 语法错误: 缺少“;”(在标识符“CRITICAL_SECTION_DEBUG”的前面)
c:\program files (x86)\windows kits\10\include\10.0.16299.0\um\minwinbase.h(217): error C4430: 缺少类型说明符 - 假定为 int。注意: C++ 不支持默认 int
c:\program files (x86)\windows kits\10\include\10.0.16299.0\um\minwinbase.h(217): error C2146: 语法错误: 缺少“;”(在标识符“PCRITICAL_SECTION_DEBUG”的前面)
c:\program files (x86)\windows kits\10\include\10.0.16299.0\um\minwinbase.h(222): error C2065: “WINAPI”: 未声明的标识符
c:\program files (x86)\windows kits\10\include\10.0.16299.0\um\minwinbase.h(222): error C2065: “LPOVERLAPPED_COMPLETION_ROUTINE”: 未声明的标识符
c:\program files (x86)\windows kits\10\include\10.0.16299.0\um\minwinbase.h(222): error C4430: 缺少类型说明符 - 假定为 int。注意: C++ 不支持默认 int
c:\program files (x86)\windows kits\10\include\10.0.16299.0\um\minwinbase.h(222): error C2513: “int”: 在“=”前没有声明变量
c:\program files (x86)\windows kits\10\include\10.0.16299.0\um\minwinbase.h(222): error C2143: 语法错误: 缺少“;”(在“(”的前面)
c:\program files (x86)\windows kits\10\include\10.0.16299.0\um\minwinbase.h(223): error C2146: 语法错误: 缺少“)”(在标识符“DWORD”的前面)
c:\program files (x86)\windows kits\10\include\10.0.16299.0\um\minwinbase.h(223): error C4430: 缺少类型说明符 - 假定为 int。注意: C++ 不支持默认 int
c:\program files (x86)\windows kits\10\include\10.0.16299.0\um\minwinbase.h(223): error C2146: 语法错误: 缺少“;”(在标识符“DWORD”的前面)
c:\program files (x86)\windows kits\10\include\10.0.16299.0\um\minwinbase.h(226): error C2059: 语法错误:“)”
c:\program files (x86)\windows kits\10\include\10.0.16299.0\um\minwinbase.h(232): error C3646: “lpData”: 未知重写说明符
c:\program files (x86)\windows kits\10\include\10.0.16299.0\um\minwinbase.h(232): error C4430: 缺少类型说明符 - 假定为 int。注意: C++ 不支持默认 int
c:\program files (x86)\windows kits\10\include\10.0.16299.0\um\minwinbase.h(233): error C3646: “cbData”: 未知重写说明符
c:\program files (x86)\windows kits\10\include\10.0.16299.0\um\minwinbase.h(233): error C4430: 缺少类型说明符 - 假定为 int。注意: C++ 不支持默认 int
c:\program files (x86)\windows kits\10\include\10.0.16299.0\um\minwinbase.h(234): error C3646: “cbOverhead”: 未知重写说明符
c:\program files (x86)\windows kits\10\include\10.0.16299.0\um\minwinbase.h(234): error C4430: 缺少类型说明符 - 假定为 int。注意: C++ 不支持默认 int
c:\program files (x86)\windows kits\10\include\10.0.16299.0\um\minwinbase.h(235): error C3646: “iRegionIndex”: 未知重写说明符
c:\program files (x86)\windows kits\10\include\10.0.16299.0\um\minwinbase.h(235): error C4430: 缺少类型说明符 - 假定为 int。注意: C++ 不支持默认 int
c:\program files (x86)\windows kits\10\include\10.0.16299.0\um\minwinbase.h(236): error C3646: “wFlags”: 未知重写说明符
c:\program files (x86)\windows kits\10\include\10.0.16299.0\um\minwinbase.h(236): error C4430: 缺少类型说明符 - 假定为 int。注意: C++ 不支持默认 int
c:\program files (x86)\windows kits\10\include\10.0.16299.0\um\minwinbase.h(239): error C3646: “hMem”: 未知重写说明符
c:\program files (x86)\windows kits\10\include\10.0.16299.0\um\minwinbase.h(239): error C4430: 缺少类型说明符 - 假定为 int。注意: C++ 不支持默认 int
c:\program files (x86)\windows kits\10\include\10.0.16299.0\um\minwinbase.h(240): error C3646: “dwReserved”: 未知重写说明符
c:\program files (x86)\windows kits\10\include\10.0.16299.0\um\minwinbase.h(240): error C2143: 语法错误: 缺少“,”(在“[”的前面)
c:\program files (x86)\windows kits\10\include\10.0.16299.0\um\minwinbase.h(240): error C2143: 语法错误: 缺少“)”(在“;”的前面)
c:\program files (x86)\windows kits\10\include\10.0.16299.0\um\minwinbase.h(240): error C2238: 意外的标记位于“;”之前
c:\program files (x86)\windows kits\10\include\10.0.16299.0\um\minwinbase.h(243): error C3646: “dwCommittedSize”: 未知重写说明符
c:\program files (x86)\windows kits\10\include\10.0.16299.0\um\minwinbase.h(243): error C4430: 缺少类型说明符 - 假定为 int。注意: C++ 不支持默认 int
c:\program files (x86)\windows kits\10\include\10.0.16299.0\um\minwinbase.h(244): error C3646: “dwUnCommittedSize”: 未知重写说明符
c:\program files (x86)\windows kits\10\include\10.0.16299.0\um\minwinbase.h(244): error C4430: 缺少类型说明符 - 假定为 int。注意: C++ 不支持默认 int
c:\program files (x86)\windows kits\10\include\10.0.16299.0\um\minwinbase.h(245): error C3646: “lpFirstBlock”: 未知重写说明符
c:\program files (x86)\windows kits\10\include\10.0.16299.0\um\minwinbase.h(245): error C4430: 缺少类型说明符 - 假定为 int。注意: C++ 不支持默认 int
c:\program files (x86)\windows kits\10\include\10.0.16299.0\um\minwinbase.h(246): error C3646: “lpLastBlock”: 未知重写说明符
c:\program files (x86)\windows kits\10\include\10.0.16299.0\um\minwinbase.h(246): error C4430: 缺少类型说明符 - 假定为 int。注意: C++ 不支持默认 int
c:\program files (x86)\windows kits\10\include\10.0.16299.0\um\minwinbase.h(259): error C3646: “Version”: 未知重写说明符
c:\program files (x86)\windows kits\10\include\10.0.16299.0\um\minwinbase.h(259): error C4430: 缺少类型说明符 - 假定为 int。注意: C++ 不支持默认 int
c:\program files (x86)\windows kits\10\include\10.0.16299.0\um\minwinbase.h(260): error C3646: “Flags”: 未知重写说明符
c:\program files (x86)\windows kits\10\include\10.0.16299.0\um\minwinbase.h(260): error C4430: 缺少类型说明符 - 假定为 int。注意: C++ 不支持默认 int
c:\program files (x86)\windows kits\10\include\10.0.16299.0\um\minwinbase.h(263): error C3646: “LocalizedReasonModule”: 未知重写说明符
c:\program files (x86)\windows kits\10\include\10.0.16299.0\um\minwinbase.h(263): error C4430: 缺少类型说明符 - 假定为 int。注意: C++ 不支持默认 int
c:\program files (x86)\windows kits\10\include\10.0.16299.0\um\minwinbase.h(264): error C3646: “LocalizedReasonId”: 未知重写说明符
c:\program files (x86)\windows kits\10\include\10.0.16299.0\um\minwinbase.h(264): error C4430: 缺少类型说明符 - 假定为 int。注意: C++ 不支持默认 int
c:\program files (x86)\windows kits\10\include\10.0.16299.0\um\minwinbase.h(265): error C3646: “ReasonStringCount”: 未知重写说明符
c:\program files (x86)\windows kits\10\include\10.0.16299.0\um\minwinbase.h(265): error C4430: 缺少类型说明符 - 假定为 int。注意: C++ 不支持默认 int
c:\program files (x86)\windows kits\10\include\10.0.16299.0\um\minwinbase.h(266): error C2143: 语法错误: 缺少“;”(在“*”的前面)
c:\program files (x86)\windows kits\10\include\10.0.16299.0\um\minwinbase.h(266): error C4430: 缺少类型说明符 - 假定为 int。注意: C++ 不支持默认 int
c:\program files (x86)\windows kits\10\include\10.0.16299.0\um\minwinbase.h(266): error C2238: 意外的标记位于“;”之前
c:\program files (x86)\windows kits\10\include\10.0.16299.0\um\minwinbase.h(270): error C3646: “SimpleReasonString”: 未知重写说明符
c:\program files (x86)\windows kits\10\include\10.0.16299.0\um\minwinbase.h(270): error C4430: 缺少类型说明符 - 假定为 int。注意: C++ 不支持默认 int
c:\program files (x86)\windows kits\10\include\10.0.16299.0\um\minwinbase.h(287): error C2065: “WINAPI”: 未声明的标识符
c:\program files (x86)\windows kits\10\include\10.0.16299.0\um\minwinbase.h(287): error C2065: “PTHREAD_START_ROUTINE”: 未声明的标识符
c:\program files (x86)\windows kits\10\include\10.0.16299.0\um\minwinbase.h(287): error C4430: 缺少类型说明符 - 假定为 int。注意: C++ 不支持默认 int
c:\program files (x86)\windows kits\10\include\10.0.16299.0\um\minwinbase.h(287): error C2513: “int”: 在“=”前没有声明变量
c:\program files (x86)\windows kits\10\include\10.0.16299.0\um\minwinbase.h(287): error C2143: 语法错误: 缺少“;”(在“(”的前面)
c:\program files (x86)\windows kits\10\include\10.0.16299.0\um\minwinbase.h(289): error C2146: 语法错误: 缺少“)”(在标识符“lpThreadParameter”的前面)
c:\program files (x86)\windows kits\10\include\10.0.16299.0\um\minwinbase.h(289): error C4430: 缺少类型说明符 - 假定为 int。注意: C++ 不支持默认 int
c:\program files (x86)\windows kits\10\include\10.0.16299.0\um\minwinbase.h(289): error C2146: 语法错误: 缺少“;”(在标识符“lpThreadParameter”的前面)
c:\program files (x86)\windows kits\10\include\10.0.16299.0\um\minwinbase.h(289): error C2059: 语法错误:“)”
c:\program files (x86)\windows kits\10\include\10.0.16299.0\um\minwinbase.h(290): error C4430: 缺少类型说明符 - 假定为 int。注意: C++ 不支持默认 int
c:\program files (x86)\windows kits\10\include\10.0.16299.0\um\minwinbase.h(290): error C2146: 语法错误: 缺少“;”(在标识符“LPTHREAD_START_ROUTINE”的前面)
c:\program files (x86)\windows kits\10\include\10.0.16299.0\um\minwinbase.h(292): error C2065: “WINAPI”: 未声明的标识符
c:\program files (x86)\windows kits\10\include\10.0.16299.0\um\minwinbase.h(292): error C2065: “PENCLAVE_ROUTINE”: 未声明的标识符
c:\program files (x86)\windows kits\10\include\10.0.16299.0\um\minwinbase.h(292): error C4430: 缺少类型说明符 - 假定为 int。注意: C++ 不支持默认 int
c:\program files (x86)\windows kits\10\include\10.0.16299.0\um\minwinbase.h(292): error C2378: “LPVOID”: 重定义；符号不能由 typedef 重载
  c:\program files (x86)\windows kits\10\include\10.0.16299.0\um\minwinbase.h(288): note: 参见“LPVOID”的声明
c:\program files (x86)\windows kits\10\include\10.0.16299.0\um\minwinbase.h(292): error C2513: “int”: 在“=”前没有声明变量
c:\program files (x86)\windows kits\10\include\10.0.16299.0\um\minwinbase.h(292): error C2143: 语法错误: 缺少“;”(在“(”的前面)
c:\program files (x86)\windows kits\10\include\10.0.16299.0\um\minwinbase.h(294): error C2146: 语法错误: 缺少“)”(在标识符“lpThreadParameter”的前面)
c:\program files (x86)\windows kits\10\include\10.0.16299.0\um\minwinbase.h(294): error C4430: 缺少类型说明符 - 假定为 int。注意: C++ 不支持默认 int
c:\program files (x86)\windows kits\10\include\10.0.16299.0\um\minwinbase.h(294): error C2086: “int LPVOID”: 重定义
  c:\program files (x86)\windows kits\10\include\10.0.16299.0\um\minwinbase.h(288): note: 参见“LPVOID”的声明
c:\program files (x86)\windows kits\10\include\10.0.16299.0\um\minwinbase.h(294): error C2146: 语法错误: 缺少“;”(在标识符“lpThreadParameter”的前面)
c:\program files (x86)\windows kits\10\include\10.0.16299.0\um\minwinbase.h(294): fatal error C1003: 错误计数超过 100；正在停止编译
